[2025-12-11 18:13:02,641] [ERROR] [django.request:253] Internal Server Error: /oauth/qq/callback
Traceback (most recent call last):
  File "/Users/lijiahao/git-test/meiduo_test/meiduo_mall/.venv/lib/python3.11/site-packages/django/core/handlers/exception.py", line 55, in inner
    response = get_response(request)
               ^^^^^^^^^^^^^^^^^^^^^
  File "/Users/lijiahao/git-test/meiduo_test/meiduo_mall/.venv/lib/python3.11/site-packages/django/utils/deprecation.py", line 122, in __call__
    response = self.process_response(request, response)
               ^^^^^^^^^^^^^^^^^^^^^^^^^^^^^^^^^^^^^^^^
  File "/Users/lijiahao/git-test/meiduo_test/meiduo_mall/.venv/lib/python3.11/site-packages/django/middleware/common.py", line 108, in process_response
    return self.response_redirect_class(self.get_full_path_with_slash(request))
                                        ^^^^^^^^^^^^^^^^^^^^^^^^^^^^^^^^^^^^^^
  File "/Users/lijiahao/git-test/meiduo_test/meiduo_mall/.venv/lib/python3.11/site-packages/django/middleware/common.py", line 87, in get_full_path_with_slash
    raise RuntimeError(
RuntimeError: You called this URL via POST, but the URL doesn't end in a slash and you have APPEND_SLASH set. Django can't redirect to the slash URL while maintaining POST data. Change your form to point to 127.0.0.1:8000/oauth/qq/callback/ (note the trailing slash), or set APPEND_SLASH=False in your Django settings.
[2025-12-11 18:20:21,466] [ERROR] [django.request:253] Internal Server Error: /oauth/qq/callback
Traceback (most recent call last):
  File "/Users/lijiahao/git-test/meiduo_test/meiduo_mall/.venv/lib/python3.11/site-packages/django/core/handlers/exception.py", line 55, in inner
    response = get_response(request)
               ^^^^^^^^^^^^^^^^^^^^^
  File "/Users/lijiahao/git-test/meiduo_test/meiduo_mall/.venv/lib/python3.11/site-packages/django/utils/deprecation.py", line 122, in __call__
    response = self.process_response(request, response)
               ^^^^^^^^^^^^^^^^^^^^^^^^^^^^^^^^^^^^^^^^
  File "/Users/lijiahao/git-test/meiduo_test/meiduo_mall/.venv/lib/python3.11/site-packages/django/middleware/common.py", line 108, in process_response
    return self.response_redirect_class(self.get_full_path_with_slash(request))
                                        ^^^^^^^^^^^^^^^^^^^^^^^^^^^^^^^^^^^^^^
  File "/Users/lijiahao/git-test/meiduo_test/meiduo_mall/.venv/lib/python3.11/site-packages/django/middleware/common.py", line 87, in get_full_path_with_slash
    raise RuntimeError(
RuntimeError: You called this URL via POST, but the URL doesn't end in a slash and you have APPEND_SLASH set. Django can't redirect to the slash URL while maintaining POST data. Change your form to point to 127.0.0.1:8000/oauth/qq/callback/ (note the trailing slash), or set APPEND_SLASH=False in your Django settings.
[2025-12-11 18:20:24,238] [ERROR] [django.request:253] Internal Server Error: /oauth/qq/callback
Traceback (most recent call last):
  File "/Users/lijiahao/git-test/meiduo_test/meiduo_mall/.venv/lib/python3.11/site-packages/django/core/handlers/exception.py", line 55, in inner
    response = get_response(request)
               ^^^^^^^^^^^^^^^^^^^^^
  File "/Users/lijiahao/git-test/meiduo_test/meiduo_mall/.venv/lib/python3.11/site-packages/django/utils/deprecation.py", line 122, in __call__
    response = self.process_response(request, response)
               ^^^^^^^^^^^^^^^^^^^^^^^^^^^^^^^^^^^^^^^^
  File "/Users/lijiahao/git-test/meiduo_test/meiduo_mall/.venv/lib/python3.11/site-packages/django/middleware/common.py", line 108, in process_response
    return self.response_redirect_class(self.get_full_path_with_slash(request))
                                        ^^^^^^^^^^^^^^^^^^^^^^^^^^^^^^^^^^^^^^
  File "/Users/lijiahao/git-test/meiduo_test/meiduo_mall/.venv/lib/python3.11/site-packages/django/middleware/common.py", line 87, in get_full_path_with_slash
    raise RuntimeError(
RuntimeError: You called this URL via POST, but the URL doesn't end in a slash and you have APPEND_SLASH set. Django can't redirect to the slash URL while maintaining POST data. Change your form to point to 127.0.0.1:8000/oauth/qq/callback/ (note the trailing slash), or set APPEND_SLASH=False in your Django settings.
